Email sent successfully for Birthday event to SAMIRS@SHYENATECHYARNS.COM
Email sent successfully for Birthday event to SAMIRS@SHYENATECHYARNS.COM
Email sent successfully for Birthday event to SAMIRS@SHYENATECHYARNS.COM
Email sent successfully for Birthday event to SAMIRS@SHYENATECHYARNS.COM
Email sent successfully for Birthday event to SAMIRS@SHYENATECHYARNS.COM
Email sent successfully for Birthday event to SAMIRS@SHYENATECHYARNS.COM
Email sent successfully for Birthday event to SAMIRS@SHYENATECHYARNS.COM
Email sent successfully for Birthday event to SAMIRS@SHYENATECHYARNS.COM
Email sent successfully for Birthday event to SAMIRS@SHYENATECHYARNS.COM
Email sent successfully for Birthday event to SAMIRS@SHYENATECHYARNS.COM
Email sent successfully for Birthday event to SAMIRS@SHYENATECHYARNS.COM
Email sent successfully for Birthday event to SAMIRS@SHYENATECHYARNS.COM
Email sent successfully for Birthday event to SAMIRS@SHYENATECHYARNS.COM
Email sent successfully for Birthday event to SAMIRS@SHYENATECHYARNS.COM
Email sent successfully for Birthday event to SAMIRS@SHYENATECHYARNS.COM
Email sent successfully for Birthday event to SAMIRS@SHYENATECHYARNS.COM
Failed to send email for Birthday event to SAMIRS@SHYENATECHYARNS.COM, retrying...
Failed to send email for Birthday event to SAMIRS@SHYENATECHYARNS.COM, retrying...
Failed to send email for Birthday event to SAMIRS@SHYENATECHYARNS.COM, retrying...
Failed to send email for Birthday event to SAMIRS@SHYENATECHYARNS.COM, retrying...
Failed to send email for Birthday event to SAMIRS@SHYENATECHYARNS.COM, retrying...
Failed to send email for Birthday event to SAMIRS@SHYENATECHYARNS.COM, retrying...
Failed to send email for Birthday event to SAMIRS@SHYENATECHYARNS.COM after 3 retries: (535, b'5.7.8 Username and Password not accepted. Learn more at\n5.7.8  https://support.google.com/mail/?p=BadCredentials f21-20020aa782d5000000b00673e652985bsm5491304pfn.118 - gsmtp')
Failed to send email for Birthday event to SAMIRS@SHYENATECHYARNS.COM after 3 retries: (535, b'5.7.8 Username and Password not accepted. Learn more at\n5.7.8  https://support.google.com/mail/?p=BadCredentials f21-20020aa782d5000000b00673e652985bsm5491304pfn.118 - gsmtp')
Error details: (535, b'5.7.8 Username and Password not accepted. Learn more at\n5.7.8  https://support.google.com/mail/?p=BadCredentials f21-20020aa782d5000000b00673e652985bsm5491304pfn.118 - gsmtp')
Error details: (535, b'5.7.8 Username and Password not accepted. Learn more at\n5.7.8  https://support.google.com/mail/?p=BadCredentials f21-20020aa782d5000000b00673e652985bsm5491304pfn.118 - gsmtp')
Watching for file changes with StatReloader
Watching for file changes with StatReloader
Watching for file changes with StatReloader
Failed to send email for Birthday event to SAMIRS@SHYENATECHYARNS.COM, retrying...
Failed to send email for Birthday event to SAMIRS@SHYENATECHYARNS.COM, retrying...
Failed to send email for Birthday event to SAMIRS@SHYENATECHYARNS.COM, retrying...
Failed to send email for Birthday event to SAMIRS@SHYENATECHYARNS.COM, retrying...
Failed to send email for Birthday event to SAMIRS@SHYENATECHYARNS.COM, retrying...
Failed to send email for Birthday event to SAMIRS@SHYENATECHYARNS.COM, retrying...
Failed to send email for Birthday event to SAMIRS@SHYENATECHYARNS.COM after 3 retries: (535, b'5.7.8 Username and Password not accepted. Learn more at\n5.7.8  https://support.google.com/mail/?p=BadCredentials z4-20020a170902834400b001bb99e188fcsm6145257pln.194 - gsmtp')
Failed to send email for Birthday event to SAMIRS@SHYENATECHYARNS.COM after 3 retries: (535, b'5.7.8 Username and Password not accepted. Learn more at\n5.7.8  https://support.google.com/mail/?p=BadCredentials z4-20020a170902834400b001bb99e188fcsm6145257pln.194 - gsmtp')
Error details: (535, b'5.7.8 Username and Password not accepted. Learn more at\n5.7.8  https://support.google.com/mail/?p=BadCredentials z4-20020a170902834400b001bb99e188fcsm6145257pln.194 - gsmtp')
Error details: (535, b'5.7.8 Username and Password not accepted. Learn more at\n5.7.8  https://support.google.com/mail/?p=BadCredentials z4-20020a170902834400b001bb99e188fcsm6145257pln.194 - gsmtp')
